#
# There is insufficient memory for the Java Runtime Environment to continue.
# Native memory allocation (mmap) failed to map 34603008 bytes for G1 virtual space
# Possible reasons:
#   The system is out of physical RAM or swap space
#   The process is running with CompressedOops enabled, and the Java Heap may be blocking the growth of the native heap
# Possible solutions:
#   Reduce memory load on the system
#   Increase physical memory or swap space
#   Check if swap backing store is full
#   Decrease Java heap size (-Xmx/-Xms)
#   Decrease number of Java threads
#   Decrease Java thread stack sizes (-Xss)
#   Set larger code cache with -XX:ReservedCodeCacheSize=
#   JVM is running with Unscaled Compressed Oops mode in which the Java heap is
#     placed in the first 4GB address space. The Java Heap base address is the
#     maximum limit for the native heap growth. Please use -XX:HeapBaseMinAddress
#     to set the Java Heap base and to place the Java Heap above 4GB virtual address.
# This output file may be truncated or incomplete.
#
#  Out of Memory Error (os_windows.cpp:3825), pid=6944, tid=16612
#
# JRE version: OpenJDK Runtime Environment (17.0.9) (build 17.0.9+0--11185874)
# Java VM: OpenJDK 64-Bit Server VM (17.0.9+0--11185874, mixed mode, tiered, compressed oops, compressed class ptrs, g1 gc, windows-amd64)
# No core dump will be written. Minidumps are not enabled by default on client versions of Windows
#

---------------  S U M M A R Y ------------

Command Line: --add-opens=java.base/java.util=ALL-UNNAMED --add-opens=java.base/java.lang=ALL-UNNAMED --add-opens=java.base/java.lang.invoke=ALL-UNNAMED --add-opens=java.prefs/java.util.prefs=ALL-UNNAMED --add-opens=java.base/java.nio.charset=ALL-UNNAMED --add-opens=java.base/java.net=ALL-UNNAMED --add-opens=java.base/java.util.concurrent.atomic=ALL-UNNAMED -Xmx2048m -Dfile.encoding=UTF-8 -Duser.country=CO -Duser.language=es -Duser.variant -javaagent:C:\Users\Steven\.gradle\wrapper\dists\gradle-8.4-bin\1w5dpkrfk8irigvoxmyhowfim\gradle-8.4\lib\agents\gradle-instrumentation-agent-8.4.jar org.gradle.launcher.daemon.bootstrap.GradleDaemon 8.4

Host: Intel(R) Core(TM) i5-10300H CPU @ 2.50GHz, 8 cores, 7G,  Windows 11 , 64 bit Build 22621 (10.0.22621.3374)
Time: Mon May  6 18:34:22 2024 Hora est. Pacífico, Sudamérica elapsed time: 3.074486 seconds (0d 0h 0m 3s)

---------------  T H R E A D  ---------------

Current thread (0x00000249199c3a30):  VMThread "VM Thread" [stack: 0x0000007d4f200000,0x0000007d4f300000] [id=16612]

Stack: [0x0000007d4f200000,0x0000007d4f300000]
Native frames: (J=compiled Java code, j=interpreted, Vv=VM code, C=native code)
V  [jvm.dll+0x6886e9]
V  [jvm.dll+0x841e4a]
V  [jvm.dll+0x843a8e]
V  [jvm.dll+0x8440f3]
V  [jvm.dll+0x24c14f]
V  [jvm.dll+0x685499]
V  [jvm.dll+0x679c2a]
V  [jvm.dll+0x30cf9b]
V  [jvm.dll+0x314446]
V  [jvm.dll+0x36425e]
V  [jvm.dll+0x36448f]
V  [jvm.dll+0x2e2d68]
V  [jvm.dll+0x2e0f44]
V  [jvm.dll+0x2e054c]
V  [jvm.dll+0x3253fb]
V  [jvm.dll+0x8487eb]
V  [jvm.dll+0x849531]
V  [jvm.dll+0x849a4d]
V  [jvm.dll+0x849e24]
V  [jvm.dll+0x849ef0]
V  [jvm.dll+0x7f06aa]
V  [jvm.dll+0x687565]
C  [ucrtbase.dll+0x29333]
C  [KERNEL32.DLL+0x1257d]
C  [ntdll.dll+0x5aa48]

VM_Operation (0x0000007d509f73d0): G1CollectForAllocation, mode: safepoint, requested by thread 0x000002491f2aa690


---------------  P R O C E S S  ---------------

Threads class SMR info:
_java_thread_list=0x00000249213bb9e0, length=41, elements={
0x000002497d9c3240, 0x000002491985dbd0, 0x000002491985e960, 0x0000024919878510,
0x0000024919878ee0, 0x00000249199f4ff0, 0x00000249199f78d0, 0x00000249199f8b90,
0x00000249199f9550, 0x00000249199fc280, 0x00000249197fd8e0, 0x0000024919c92740,
0x000002491f86c360, 0x000002491e0cb7b0, 0x000002491f51e120, 0x000002491fc8aa00,
0x000002491f488910, 0x000002491f488df0, 0x000002491f2aa690, 0x000002491f1eab40,
0x000002491f1e9c10, 0x000002491f1e87d0, 0x000002491f1eb560, 0x000002491f1e9700,
0x000002491f1eba70, 0x000002491f1eb050, 0x000002491f1ea120, 0x000002491f1e91f0,
0x000002491f1ebf80, 0x000002491f1e8ce0, 0x00000249212e7b40, 0x00000249212e9490,
0x00000249212eb2f0, 0x00000249212ecc40, 0x00000249212ed150, 0x00000249212e99a0,
0x00000249212e5ce0, 0x00000249212e8f80, 0x00000249212ea3c0, 0x00000249212e9eb0,
0x00000249212ebd10
}

Java Threads: ( => current thread )
  0x000002497d9c3240 JavaThread "main" [_thread_blocked, id=5292, stack(0x0000007d4ec00000,0x0000007d4ed00000)]
  0x000002491985dbd0 JavaThread "Reference Handler" daemon [_thread_blocked, id=8052, stack(0x0000007d4f300000,0x0000007d4f400000)]
  0x000002491985e960 JavaThread "Finalizer" daemon [_thread_blocked, id=20520, stack(0x0000007d4f400000,0x0000007d4f500000)]
  0x0000024919878510 JavaThread "Signal Dispatcher" daemon [_thread_blocked, id=10252, stack(0x0000007d4f500000,0x0000007d4f600000)]
  0x0000024919878ee0 JavaThread "Attach Listener" daemon [_thread_blocked, id=3156, stack(0x0000007d4f600000,0x0000007d4f700000)]
  0x00000249199f4ff0 JavaThread "Service Thread" daemon [_thread_blocked, id=7832, stack(0x0000007d4f700000,0x0000007d4f800000)]
  0x00000249199f78d0 JavaThread "Monitor Deflation Thread" daemon [_thread_blocked, id=11920, stack(0x0000007d4f800000,0x0000007d4f900000)]
  0x00000249199f8b90 JavaThread "C2 CompilerThread0" daemon [_thread_blocked, id=20592, stack(0x0000007d4f900000,0x0000007d4fa00000)]
  0x00000249199f9550 JavaThread "C1 CompilerThread0" daemon [_thread_blocked, id=17156, stack(0x0000007d4fa00000,0x0000007d4fb00000)]
  0x00000249199fc280 JavaThread "Sweeper thread" daemon [_thread_blocked, id=23208, stack(0x0000007d4fb00000,0x0000007d4fc00000)]
  0x00000249197fd8e0 JavaThread "Common-Cleaner" daemon [_thread_blocked, id=17840, stack(0x0000007d4fc00000,0x0000007d4fd00000)]
  0x0000024919c92740 JavaThread "Notification Thread" daemon [_thread_blocked, id=23028, stack(0x0000007d4fd00000,0x0000007d4fe00000)]
  0x000002491f86c360 JavaThread "Daemon health stats" [_thread_blocked, id=12680, stack(0x0000007d50400000,0x0000007d50500000)]
  0x000002491e0cb7b0 JavaThread "Incoming local TCP Connector on port 55198" [_thread_in_native, id=10976, stack(0x0000007d4ff00000,0x0000007d50000000)]
  0x000002491f51e120 JavaThread "Daemon periodic checks" [_thread_blocked, id=17876, stack(0x0000007d50500000,0x0000007d50600000)]
  0x000002491fc8aa00 JavaThread "Daemon" [_thread_blocked, id=20272, stack(0x0000007d50600000,0x0000007d50700000)]
  0x000002491f488910 JavaThread "Handler for socket connection from /127.0.0.1:55198 to /127.0.0.1:55199" [_thread_in_native, id=16804, stack(0x0000007d50700000,0x0000007d50800000)]
  0x000002491f488df0 JavaThread "Cancel handler" [_thread_blocked, id=12540, stack(0x0000007d50800000,0x0000007d50900000)]
  0x000002491f2aa690 JavaThread "Daemon worker" [_thread_blocked, id=18560, stack(0x0000007d50900000,0x0000007d50a00000)]
  0x000002491f1eab40 JavaThread "Asynchronous log dispatcher for DefaultDaemonConnection: socket connection from /127.0.0.1:55198 to /127.0.0.1:55199" [_thread_blocked, id=13976, stack(0x0000007d50a00000,0x0000007d50b00000)]
  0x000002491f1e9c10 JavaThread "Stdin handler" [_thread_blocked, id=24296, stack(0x0000007d50b00000,0x0000007d50c00000)]
  0x000002491f1e87d0 JavaThread "Daemon client event forwarder" [_thread_blocked, id=6668, stack(0x0000007d50c00000,0x0000007d50d00000)]
  0x000002491f1eb560 JavaThread "Cache worker for journal cache (C:\Users\Steven\.gradle\caches\journal-1)" [_thread_blocked, id=4948, stack(0x0000007d51100000,0x0000007d51200000)]
  0x000002491f1e9700 JavaThread "File lock request listener" [_thread_in_native, id=23928, stack(0x0000007d51200000,0x0000007d51300000)]
  0x000002491f1eba70 JavaThread "Cache worker for file hash cache (C:\Users\Steven\.gradle\caches\8.4\fileHashes)" [_thread_blocked, id=1424, stack(0x0000007d51300000,0x0000007d51400000)]
  0x000002491f1eb050 JavaThread "File watcher server" daemon [_thread_in_native, id=14516, stack(0x0000007d51400000,0x0000007d51500000)]
  0x000002491f1ea120 JavaThread "File watcher consumer" daemon [_thread_blocked, id=11780, stack(0x0000007d51500000,0x0000007d51600000)]
  0x000002491f1e91f0 JavaThread "jar transforms" [_thread_blocked, id=3484, stack(0x0000007d51600000,0x0000007d51700000)]
  0x000002491f1ebf80 JavaThread "jar transforms Thread 2" [_thread_blocked, id=16136, stack(0x0000007d51700000,0x0000007d51800000)]
  0x000002491f1e8ce0 JavaThread "jar transforms Thread 3" [_thread_blocked, id=12940, stack(0x0000007d51800000,0x0000007d51900000)]
  0x00000249212e7b40 JavaThread "jar transforms Thread 4" [_thread_blocked, id=24540, stack(0x0000007d51900000,0x0000007d51a00000)]
  0x00000249212e9490 JavaThread "jar transforms Thread 5" [_thread_blocked, id=24548, stack(0x0000007d51a00000,0x0000007d51b00000)]
  0x00000249212eb2f0 JavaThread "jar transforms Thread 6" [_thread_blocked, id=14424, stack(0x0000007d51b00000,0x0000007d51c00000)]
  0x00000249212ecc40 JavaThread "jar transforms Thread 7" [_thread_blocked, id=19440, stack(0x0000007d51c00000,0x0000007d51d00000)]
  0x00000249212ed150 JavaThread "jar transforms Thread 8" [_thread_blocked, id=22720, stack(0x0000007d51d00000,0x0000007d51e00000)]
  0x00000249212e99a0 JavaThread "Cache worker for checksums cache (C:\Users\Steven\AndroidStudioProjects\OrganizacionDeVistas\.gradle\8.4\checksums)" [_thread_blocked, id=17328, stack(0x0000007d51e00000,0x0000007d51f00000)]
  0x00000249212e5ce0 JavaThread "Cache worker for file hash cache (C:\Users\Steven\AndroidStudioProjects\OrganizacionDeVistas\.gradle\8.4\fileHashes)" [_thread_blocked, id=14684, stack(0x0000007d51f00000,0x0000007d52000000)]
  0x00000249212e8f80 JavaThread "Cache worker for cache directory md-supplier (C:\Users\Steven\.gradle\caches\8.4\md-supplier)" [_thread_blocked, id=1348, stack(0x0000007d52000000,0x0000007d52100000)]
  0x00000249212ea3c0 JavaThread "Cache worker for file content cache (C:\Users\Steven\.gradle\caches\8.4\fileContent)" [_thread_blocked, id=8212, stack(0x0000007d52100000,0x0000007d52200000)]
  0x00000249212e9eb0 JavaThread "Cache worker for cache directory md-rule (C:\Users\Steven\.gradle\caches\8.4\md-rule)" [_thread_blocked, id=21332, stack(0x0000007d52200000,0x0000007d52300000)]
  0x00000249212ebd10 JavaThread "Cache worker for execution history cache (C:\Users\Steven\.gradle\caches\8.4\executionHistory)" [_thread_blocked, id=10632, stack(0x0000007d52300000,0x0000007d52400000)]

Other Threads:
=>0x00000249199c3a30 VMThread "VM Thread" [stack: 0x0000007d4f200000,0x0000007d4f300000] [id=16612]
  0x000002497d9c3fd0 WatcherThread [stack: 0x0000007d4fe00000,0x0000007d4ff00000] [id=19908]
  0x000002497d87e800 GCTaskThread "GC Thread#0" [stack: 0x0000007d4ed00000,0x0000007d4ee00000] [id=18812]
  0x000002491e1439e0 GCTaskThread "GC Thread#1" [stack: 0x0000007d50000000,0x0000007d50100000] [id=21340]
  0x000002491ed62cd0 GCTaskThread "GC Thread#2" [stack: 0x0000007d50100000,0x0000007d50200000] [id=16628]
  0x000002491eb62240 GCTaskThread "GC Thread#3" [stack: 0x0000007d50200000,0x0000007d50300000] [id=4396]
  0x000002491eea7c10 GCTaskThread "GC Thread#4" [stack: 0x0000007d50300000,0x0000007d50400000] [id=1668]
  0x000002491f86b7f0 GCTaskThread "GC Thread#5" [stack: 0x0000007d50d00000,0x0000007d50e00000] [id=16772]
  0x00000249201cc050 GCTaskThread "GC Thread#6" [stack: 0x0000007d50e00000,0x0000007d50f00000] [id=2804]
  0x000002491fa96610 GCTaskThread "GC Thread#7" [stack: 0x0000007d50f00000,0x0000007d51000000] [id=7192]
  0x000002497da2a030 ConcurrentGCThread "G1 Main Marker" [stack: 0x0000007d4ee00000,0x0000007d4ef00000] [id=13984]
  0x000002497da2a960 ConcurrentGCThread "G1 Conc#0" [stack: 0x0000007d4ef00000,0x0000007d4f000000] [id=10448]
  0x0000024921105820 ConcurrentGCThread "G1 Conc#1" [stack: 0x0000007d51000000,0x0000007d51100000] [id=5312]
  0x000002497da6e5e0 ConcurrentGCThread "G1 Refine#0" [stack: 0x0000007d4f000000,0x0000007d4f100000] [id=23032]
  0x00000249196ca110 ConcurrentGCThread "G1 Service" [stack: 0x0000007d4f100000,0x0000007d4f200000] [id=14932]

Threads with active compile tasks:

VM state: at safepoint (normal execution)

VM Mutex/Monitor currently owned by a thread:  ([mutex/lock_event])
[0x000002497d9bec10] Threads_lock - owner thread: 0x00000249199c3a30
[0x000002497d9bf6c0] Heap_lock - owner thread: 0x000002491f2aa690

Heap address: 0x0000000080000000, size: 2048 MB, Compressed Oops mode: 32-bit

CDS archive(s) not mapped
Compressed class space mapped at: 0x0000000100000000-0x0000000140000000, reserved size: 1073741824
Narrow klass base: 0x0000000000000000, Narrow klass shift: 3, Narrow klass range: 0x140000000

GC Precious Log:
 CPUs: 8 total, 8 available
 Memory: 8029M
 Large Page Support: Disabled
 NUMA Support: Disabled
 Compressed Oops: Enabled (32-bit)
 Heap Region Size: 1M
 Heap Min Capacity: 8M
 Heap Initial Capacity: 126M
 Heap Max Capacity: 2G
 Pre-touch: Disabled
 Parallel Workers: 8
 Concurrent Workers: 2
 Concurrent Refinement Workers: 8
 Periodic GC: Disabled

Heap:
 garbage-first heap   total 81920K, used 39553K [0x0000000080000000, 0x0000000100000000)
  region size 1024K, 1 young (1024K), 1 survivors (1024K)
 Metaspace       used 35553K, committed 35904K, reserved 1114112K
  class space    used 4898K, committed 5056K, reserved 1048576K

Heap Regions: E=young(eden), S=young(survivor), O=old, HS=humongous(starts), HC=humongous(continues), CS=collection set, F=free, OA=open archive, CA=closed archive, TAMS=top-at-mark-start (previous, next)
|   0|0x0000000080000000, 0x0000000080100000, 0x0000000080100000|100%|HS|  |TAMS 0x0000000080100000, 0x0000000080100000| Complete 
|   1|0x0000000080100000, 0x0000000080200000, 0x0000000080200000|100%|HC|  |TAMS 0x0000000080200000, 0x0000000080200000| Complete 
|   2|0x0000000080200000, 0x0000000080300000, 0x0000000080300000|100%|HC|  |TAMS 0x0000000080300000, 0x0000000080300000| Complete 
|   3|0x0000000080300000, 0x0000000080400000, 0x0000000080400000|100%|HC|  |TAMS 0x0000000080400000, 0x0000000080400000| Complete 
|   4|0x0000000080400000, 0x0000000080500000, 0x0000000080500000|100%| O|  |TAMS 0x0000000080500000, 0x0000000080500000| Untracked 
|   5|0x0000000080500000, 0x0000000080600000, 0x0000000080600000|100%| O|  |TAMS 0x0000000080600000, 0x0000000080600000| Untracked 
|   6|0x0000000080600000, 0x0000000080700000, 0x0000000080700000|100%| O|  |TAMS 0x0000000080700000, 0x0000000080700000| Untracked 
|   7|0x0000000080700000, 0x0000000080800000, 0x0000000080800000|100%| O|  |TAMS 0x0000000080800000, 0x0000000080800000| Untracked 
|   8|0x0000000080800000, 0x0000000080900000, 0x0000000080900000|100%| O|  |TAMS 0x0000000080900000, 0x0000000080900000| Untracked 
|   9|0x0000000080900000, 0x0000000080a00000, 0x0000000080a00000|100%| O|  |TAMS 0x0000000080a00000, 0x0000000080a00000| Untracked 
|  10|0x0000000080a00000, 0x0000000080b00000, 0x0000000080b00000|100%| O|  |TAMS 0x0000000080a00000, 0x0000000080b00000| Untracked 
|  11|0x0000000080b00000, 0x0000000080c00000, 0x0000000080c00000|100%| O|  |TAMS 0x0000000080b00000, 0x0000000080c00000| Untracked 
|  12|0x0000000080c00000, 0x0000000080d00000, 0x0000000080d00000|100%| O|  |TAMS 0x0000000080c00000, 0x0000000080d00000| Untracked 
|  13|0x0000000080d00000, 0x0000000080e00000, 0x0000000080e00000|100%| O|  |TAMS 0x0000000080d00000, 0x0000000080e00000| Untracked 
|  14|0x0000000080e00000, 0x0000000080f00000, 0x0000000080f00000|100%| O|  |TAMS 0x0000000080e00000, 0x0000000080f00000| Untracked 
|  15|0x0000000080f00000, 0x0000000081000000, 0x0000000081000000|100%| O|  |TAMS 0x0000000080f00000, 0x0000000081000000| Untracked 
|  16|0x0000000081000000, 0x0000000081100000, 0x0000000081100000|100%| O|  |TAMS 0x0000000081000000, 0x0000000081100000| Untracked 
|  17|0x0000000081100000, 0x0000000081200000, 0x0000000081200000|100%| O|  |TAMS 0x0000000081100000, 0x0000000081200000| Untracked 
|  18|0x0000000081200000, 0x0000000081300000, 0x0000000081300000|100%| O|  |TAMS 0x0000000081200000, 0x0000000081300000| Untracked 
|  19|0x0000000081300000, 0x0000000081400000, 0x0000000081400000|100%| O|  |TAMS 0x0000000081300000, 0x0000000081400000| Untracked 
|  20|0x0000000081400000, 0x0000000081500000, 0x0000000081500000|100%| O|  |TAMS 0x0000000081400000, 0x0000000081500000| Untracked 
|  21|0x0000000081500000, 0x0000000081600000, 0x0000000081600000|100%| O|  |TAMS 0x0000000081500000, 0x0000000081600000| Untracked 
|  22|0x0000000081600000, 0x0000000081700000, 0x0000000081700000|100%|HS|  |TAMS 0x0000000081600000, 0x0000000081700000| Complete 
|  23|0x0000000081700000, 0x0000000081800000, 0x0000000081800000|100%|HC|  |TAMS 0x0000000081700000, 0x0000000081800000| Complete 
|  24|0x0000000081800000, 0x0000000081900000, 0x0000000081900000|100%|HS|  |TAMS 0x0000000081800000, 0x0000000081900000| Complete 
|  25|0x0000000081900000, 0x0000000081a00000, 0x0000000081a00000|100%|HC|  |TAMS 0x0000000081900000, 0x0000000081a00000| Complete 
|  26|0x0000000081a00000, 0x0000000081b00000, 0x0000000081b00000|100%|HC|  |TAMS 0x0000000081a00000, 0x0000000081b00000| Complete 
|  27|0x0000000081b00000, 0x0000000081c00000, 0x0000000081c00000|100%|HS|  |TAMS 0x0000000081b00000, 0x0000000081c00000| Complete 
|  28|0x0000000081c00000, 0x0000000081d00000, 0x0000000081d00000|100%|HC|  |TAMS 0x0000000081c00000, 0x0000000081d00000| Complete 
|  29|0x0000000081d00000, 0x0000000081e00000, 0x0000000081e00000|100%|HC|  |TAMS 0x0000000081d00000, 0x0000000081e00000| Complete 
|  30|0x0000000081e00000, 0x0000000081f00000, 0x0000000081f00000|100%|HS|  |TAMS 0x0000000081e00000, 0x0000000081f00000| Complete 
|  31|0x0000000081f00000, 0x0000000082000000, 0x0000000082000000|100%|HC|  |TAMS 0x0000000081f00000, 0x0000000082000000| Complete 
|  32|0x0000000082000000, 0x0000000082100000, 0x0000000082100000|100%|HC|  |TAMS 0x0000000082000000, 0x0000000082100000| Complete 
|  33|0x0000000082100000, 0x0000000082200000, 0x0000000082200000|100%| O|  |TAMS 0x0000000082100000, 0x0000000082200000| Untracked 
|  34|0x0000000082200000, 0x0000000082300000, 0x0000000082300000|100%| O|  |TAMS 0x0000000082200000, 0x0000000082300000| Untracked 
|  35|0x0000000082300000, 0x0000000082400000, 0x0000000082400000|100%| O|  |TAMS 0x0000000082300000, 0x00000000823d6200| Untracked 
|  36|0x0000000082400000, 0x0000000082500000, 0x0000000082500000|100%| O|  |TAMS 0x0000000082400000, 0x0000000082400000| Untracked 
|  37|0x0000000082500000, 0x00000000825e1200, 0x0000000082600000| 87%| O|  |TAMS 0x0000000082500000, 0x0000000082500000| Untracked 
|  38|0x0000000082600000, 0x0000000082600000, 0x0000000082700000|  0%| F|  |TAMS 0x0000000082600000, 0x0000000082600000| Untracked 
|  39|0x0000000082700000, 0x0000000082700000, 0x0000000082800000|  0%| F|  |TAMS 0x0000000082700000, 0x0000000082700000| Untracked 
|  40|0x0000000082800000, 0x0000000082800000, 0x0000000082900000|  0%| F|  |TAMS 0x0000000082800000, 0x0000000082800000| Untracked 
|  41|0x0000000082900000, 0x0000000082900000, 0x0000000082a00000|  0%| F|  |TAMS 0x0000000082900000, 0x0000000082900000| Untracked 
|  42|0x0000000082a00000, 0x0000000082a00000, 0x0000000082b00000|  0%| F|  |TAMS 0x0000000082a00000, 0x0000000082a00000| Untracked 
|  43|0x0000000082b00000, 0x0000000082b00000, 0x0000000082c00000|  0%| F|  |TAMS 0x0000000082b00000, 0x0000000082b00000| Untracked 
|  44|0x0000000082c00000, 0x0000000082c00000, 0x0000000082d00000|  0%| F|  |TAMS 0x0000000082c00000, 0x0000000082c00000| Untracked 
|  45|0x0000000082d00000, 0x0000000082d00000, 0x0000000082e00000|  0%| F|  |TAMS 0x0000000082d00000, 0x0000000082d00000| Untracked 
|  46|0x0000000082e00000, 0x0000000082e00000, 0x0000000082f00000|  0%| F|  |TAMS 0x0000000082e00000, 0x0000000082e00000| Untracked 
|  47|0x0000000082f00000, 0x0000000082f00000, 0x0000000083000000|  0%| F|  |TAMS 0x0000000082f00000, 0x0000000082f00000| Untracked 
|  48|0x0000000083000000, 0x0000000083000000, 0x0000000083100000|  0%| F|  |TAMS 0x0000000083000000, 0x0000000083000000| Untracked 
|  49|0x0000000083100000, 0x0000000083100000, 0x0000000083200000|  0%| F|  |TAMS 0x0000000083100000, 0x0000000083100000| Untracked 
|  50|0x0000000083200000, 0x0000000083200000, 0x0000000083300000|  0%| F|  |TAMS 0x0000000083200000, 0x0000000083200000| Untracked 
|  51|0x0000000083300000, 0x0000000083300000, 0x0000000083400000|  0%| F|  |TAMS 0x0000000083300000, 0x0000000083300000| Untracked 
|  52|0x0000000083400000, 0x0000000083400000, 0x0000000083500000|  0%| F|  |TAMS 0x0000000083400000, 0x0000000083400000| Untracked 
|  53|0x0000000083500000, 0x00000000835bf2d0, 0x0000000083600000| 74%| S|CS|TAMS 0x0000000083500000, 0x0000000083500000| Complete 
|  54|0x0000000083600000, 0x0000000083600000, 0x0000000083700000|  0%| F|  |TAMS 0x0000000083600000, 0x0000000083600000| Untracked 
|  55|0x0000000083700000, 0x0000000083700000, 0x0000000083800000|  0%| F|  |TAMS 0x0000000083700000, 0x0000000083700000| Untracked 
|  56|0x0000000083800000, 0x0000000083800000, 0x0000000083900000|  0%| F|  |TAMS 0x0000000083800000, 0x0000000083800000| Untracked 
|  57|0x0000000083900000, 0x0000000083900000, 0x0000000083a00000|  0%| F|  |TAMS 0x0000000083900000, 0x0000000083900000| Untracked 
|  58|0x0000000083a00000, 0x0000000083a00000, 0x0000000083b00000|  0%| F|  |TAMS 0x0000000083a00000, 0x0000000083a00000| Untracked 
|  59|0x0000000083b00000, 0x0000000083b00000, 0x0000000083c00000|  0%| F|  |TAMS 0x0000000083b00000, 0x0000000083b00000| Untracked 
|  60|0x0000000083c00000, 0x0000000083c00000, 0x0000000083d00000|  0%| F|  |TAMS 0x0000000083c00000, 0x0000000083c00000| Untracked 
|  61|0x0000000083d00000, 0x0000000083d00000, 0x0000000083e00000|  0%| F|  |TAMS 0x0000000083d00000, 0x0000000083d00000| Untracked 
|  62|0x0000000083e00000, 0x0000000083e00000, 0x0000000083f00000|  0%| F|  |TAMS 0x0000000083e00000, 0x0000000083e00000| Untracked 
|  63|0x0000000083f00000, 0x0000000083f00000, 0x0000000084000000|  0%| F|  |TAMS 0x0000000083f00000, 0x0000000083f00000| Untracked 
|  64|0x0000000084000000, 0x0000000084000000, 0x0000000084100000|  0%| F|  |TAMS 0x0000000084000000, 0x0000000084000000| Untracked 
|  65|0x0000000084100000, 0x0000000084100000, 0x0000000084200000|  0%| F|  |TAMS 0x0000000084100000, 0x0000000084100000| Untracked 
|  66|0x0000000084200000, 0x0000000084200000, 0x0000000084300000|  0%| F|  |TAMS 0x0000000084200000, 0x0000000084200000| Untracked 
|  67|0x0000000084300000, 0x0000000084300000, 0x0000000084400000|  0%| F|  |TAMS 0x0000000084300000, 0x0000000084300000| Untracked 
|  68|0x0000000084400000, 0x0000000084400000, 0x0000000084500000|  0%| F|  |TAMS 0x0000000084400000, 0x0000000084400000| Untracked 
|  69|0x0000000084500000, 0x0000000084500000, 0x0000000084600000|  0%| F|  |TAMS 0x0000000084500000, 0x0000000084500000| Untracked 
|  70|0x0000000084600000, 0x0000000084600000, 0x0000000084700000|  0%| F|  |TAMS 0x0000000084600000, 0x0000000084600000| Untracked 
|  71|0x0000000084700000, 0x0000000084700000, 0x0000000084800000|  0%| F|  |TAMS 0x0000000084700000, 0x0000000084700000| Untracked 
|  72|0x0000000084800000, 0x0000000084800000, 0x0000000084900000|  0%| F|  |TAMS 0x0000000084800000, 0x0000000084800000| Untracked 
|  73|0x0000000084900000, 0x0000000084900000, 0x0000000084a00000|  0%| F|  |TAMS 0x0000000084900000, 0x0000000084900000| Untracked 
|  74|0x0000000084a00000, 0x0000000084a00000, 0x0000000084b00000|  0%| F|  |TAMS 0x0000000084a00000, 0x0000000084a00000| Untracked 
|  75|0x0000000084b00000, 0x0000000084b00000, 0x0000000084c00000|  0%| F|  |TAMS 0x0000000084b00000, 0x0000000084b00000| Untracked 
|  76|0x0000000084c00000, 0x0000000084c00000, 0x0000000084d00000|  0%| F|  |TAMS 0x0000000084c00000, 0x0000000084c00000| Untracked 
|  77|0x0000000084d00000, 0x0000000084d00000, 0x0000000084e00000|  0%| F|  |TAMS 0x0000000084d00000, 0x0000000084d00000| Untracked 
|  78|0x0000000084e00000, 0x0000000084e00000, 0x0000000084f00000|  0%| F|  |TAMS 0x0000000084e00000, 0x0000000084e00000| Untracked 
| 125|0x0000000087d00000, 0x0000000087d00000, 0x0000000087e00000|  0%| F|  |TAMS 0x0000000087d00000, 0x0000000087d00000| Untracked 

Card table byte_map: [0x0000024912820000,0x0000024912c20000] _byte_map_base: 0x0000024912420000

Marking Bits (Prev, Next): (CMBitMap*) 0x000002497da19980, (CMBitMap*) 0x000002497da19940
 Prev Bits: [0x0000024915020000, 0x0000024917020000)
 Next Bits: [0x0000024913020000, 0x0000024915020000)

Polling page: 0x000002497da70000

Metaspace:

Usage:
  Non-class:     29.94 MB used.
      Class:      4.78 MB used.
       Both:     34.72 MB used.

Virtual space:
  Non-class space:       64.00 MB reserved,      30.12 MB ( 47%) committed,  1 nodes.
      Class space:        1.00 GB reserved,       4.94 MB ( <1%) committed,  1 nodes.
             Both:        1.06 GB reserved,      35.06 MB (  3%) committed. 

Chunk freelists:
   Non-Class:  1.31 MB
       Class:  11.08 MB
        Both:  12.39 MB

MaxMetaspaceSize: unlimited
CompressedClassSpaceSize: 1.00 GB
Initial GC threshold: 21.00 MB
Current GC threshold: 35.12 MB
CDS: off
MetaspaceReclaimPolicy: balanced
 - commit_granule_bytes: 65536.
 - commit_granule_words: 8192.
 - virtual_space_node_default_size: 8388608.
 - enlarge_chunks_in_place: 1.
 - new_chunks_are_fully_committed: 0.
 - uncommit_free_chunks: 1.
 - use_allocation_guard: 0.
 - handle_deallocations: 1.


Internal statistics:

num_allocs_failed_limit: 3.
num_arena_births: 354.
num_arena_deaths: 0.
num_vsnodes_births: 2.
num_vsnodes_deaths: 0.
num_space_committed: 561.
num_space_uncommitted: 0.
num_chunks_returned_to_freelist: 3.
num_chunks_taken_from_freelist: 1406.
num_chunk_merges: 3.
num_chunk_splits: 892.
num_chunks_enlarged: 598.
num_inconsistent_stats: 0.

CodeHeap 'non-profiled nmethods': size=120000Kb used=1576Kb max_used=1576Kb free=118424Kb
 bounds [0x000002490aef0000, 0x000002490b160000, 0x0000024912420000]
CodeHeap 'profiled nmethods': size=120000Kb used=6368Kb max_used=6368Kb free=113631Kb
 bounds [0x0000024903420000, 0x0000024903a60000, 0x000002490a950000]
CodeHeap 'non-nmethods': size=5760Kb used=1243Kb max_used=1310Kb free=4516Kb
 bounds [0x000002490a950000, 0x000002490abc0000, 0x000002490aef0000]
 total_blobs=3635 nmethods=3082 adapters=465
 compilation: enabled
              stopped_count=0, restarted_count=0
 full_count=0

Compilation events (20 events):
Event: 3.051 Thread 0x00000249199f9550 3075       3       java.util.concurrent.locks.ReentrantLock::lockInterruptibly (8 bytes)
Event: 3.051 Thread 0x00000249199f9550 nmethod 3075 0x0000024903a55010 code [0x0000024903a55200, 0x0000024903a556b8]
Event: 3.051 Thread 0x00000249199f9550 3076       3       java.util.concurrent.locks.ReentrantLock$Sync::lockInterruptibly (27 bytes)
Event: 3.052 Thread 0x00000249199f9550 nmethod 3076 0x0000024903a55890 code [0x0000024903a55a80, 0x0000024903a55eb8]
Event: 3.054 Thread 0x00000249199f8b90 3077       4       java.lang.ref.Reference::refersTo (6 bytes)
Event: 3.054 Thread 0x00000249199f8b90 nmethod 3077 0x000002490b078790 code [0x000002490b078900, 0x000002490b078998]
Event: 3.055 Thread 0x00000249199f8b90 3078       4       java.util.LinkedHashMap::get (29 bytes)
Event: 3.058 Thread 0x00000249199f8b90 nmethod 3078 0x000002490b078a90 code [0x000002490b078c20, 0x000002490b078f58]
Event: 3.058 Thread 0x00000249199f8b90 3079       4       java.lang.Class::getPackageName (81 bytes)
Event: 3.058 Thread 0x00000249199f9550 3080       3       com.google.common.collect.ImmutableSet::chooseTableSize (61 bytes)
Event: 3.059 Thread 0x00000249199f9550 nmethod 3080 0x0000024903a56010 code [0x0000024903a56240, 0x0000024903a56878]
Event: 3.059 Thread 0x00000249199f9550 3081       3       java.lang.Integer::highestOneBit (10 bytes)
Event: 3.059 Thread 0x00000249199f9550 nmethod 3081 0x0000024903a56a90 code [0x0000024903a56c20, 0x0000024903a56d48]
Event: 3.059 Thread 0x00000249199f9550 3082       3       com.google.common.math.IntMath::log2 (118 bytes)
Event: 3.059 Thread 0x00000249199f9550 nmethod 3082 0x0000024903a56e10 code [0x0000024903a57040, 0x0000024903a57798]
Event: 3.062 Thread 0x00000249199f9550 3083       3       com.google.common.base.Equivalence::hash (12 bytes)
Event: 3.062 Thread 0x00000249199f9550 nmethod 3083 0x0000024903a57a10 code [0x0000024903a57bc0, 0x0000024903a57de8]
Event: 3.063 Thread 0x00000249199f9550 3084       3       com.google.common.collect.ImmutableCollection::<init> (5 bytes)
Event: 3.063 Thread 0x00000249199f9550 nmethod 3084 0x0000024903a57e90 code [0x0000024903a58040, 0x0000024903a581f8]
Event: 3.067 Thread 0x00000249199f8b90 nmethod 3079 0x000002490b079210 code [0x000002490b0793c0, 0x000002490b079bd8]

GC Heap History (17 events):
Event: 0.554 GC heap before
{Heap before GC invocations=0 (full 0):
 garbage-first heap   total 129024K, used 26624K [0x0000000080000000, 0x0000000100000000)
  region size 1024K, 23 young (23552K), 0 survivors (0K)
 Metaspace       used 10514K, committed 10624K, reserved 1114112K
  class space    used 1094K, committed 1152K, reserved 1048576K
}
Event: 0.558 GC heap after
{Heap after GC invocations=1 (full 0):
 garbage-first heap   total 129024K, used 10411K [0x0000000080000000, 0x0000000100000000)
  region size 1024K, 3 young (3072K), 3 survivors (3072K)
 Metaspace       used 10514K, committed 10624K, reserved 1114112K
  class space    used 1094K, committed 1152K, reserved 1048576K
}
Event: 0.844 GC heap before
{Heap before GC invocations=1 (full 0):
 garbage-first heap   total 129024K, used 38059K [0x0000000080000000, 0x0000000100000000)
  region size 1024K, 31 young (31744K), 3 survivors (3072K)
 Metaspace       used 11481K, committed 11648K, reserved 1114112K
  class space    used 1200K, committed 1280K, reserved 1048576K
}
Event: 0.848 GC heap after
{Heap after GC invocations=2 (full 0):
 garbage-first heap   total 129024K, used 12484K [0x0000000080000000, 0x0000000100000000)
  region size 1024K, 2 young (2048K), 2 survivors (2048K)
 Metaspace       used 11481K, committed 11648K, reserved 1114112K
  class space    used 1200K, committed 1280K, reserved 1048576K
}
Event: 1.675 GC heap before
{Heap before GC invocations=2 (full 0):
 garbage-first heap   total 129024K, used 58564K [0x0000000080000000, 0x0000000100000000)
  region size 1024K, 47 young (48128K), 2 survivors (2048K)
 Metaspace       used 21308K, committed 21504K, reserved 1114112K
  class space    used 2526K, committed 2624K, reserved 1048576K
}
Event: 1.680 GC heap after
{Heap after GC invocations=3 (full 0):
 garbage-first heap   total 129024K, used 18957K [0x0000000080000000, 0x0000000100000000)
  region size 1024K, 9 young (9216K), 9 survivors (9216K)
 Metaspace       used 21308K, committed 21504K, reserved 1114112K
  class space    used 2526K, committed 2624K, reserved 1048576K
}
Event: 2.159 GC heap before
{Heap before GC invocations=4 (full 0):
 garbage-first heap   total 71680K, used 51725K [0x0000000080000000, 0x0000000100000000)
  region size 1024K, 42 young (43008K), 9 survivors (9216K)
 Metaspace       used 26614K, committed 26944K, reserved 1114112K
  class space    used 3431K, committed 3584K, reserved 1048576K
}
Event: 2.163 GC heap after
{Heap after GC invocations=5 (full 0):
 garbage-first heap   total 71680K, used 20856K [0x0000000080000000, 0x0000000100000000)
  region size 1024K, 3 young (3072K), 3 survivors (3072K)
 Metaspace       used 26614K, committed 26944K, reserved 1114112K
  class space    used 3431K, committed 3584K, reserved 1048576K
}
Event: 2.173 GC heap before
{Heap before GC invocations=5 (full 0):
 garbage-first heap   total 71680K, used 21880K [0x0000000080000000, 0x0000000100000000)
  region size 1024K, 4 young (4096K), 3 survivors (3072K)
 Metaspace       used 26803K, committed 27072K, reserved 1114112K
  class space    used 3457K, committed 3584K, reserved 1048576K
}
Event: 2.176 GC heap after
{Heap after GC invocations=6 (full 0):
 garbage-first heap   total 71680K, used 21037K [0x0000000080000000, 0x0000000100000000)
  region size 1024K, 1 young (1024K), 1 survivors (1024K)
 Metaspace       used 26803K, committed 27072K, reserved 1114112K
  class space    used 3457K, committed 3584K, reserved 1048576K
}
Event: 2.537 GC heap before
{Heap before GC invocations=6 (full 0):
 garbage-first heap   total 71680K, used 49709K [0x0000000080000000, 0x0000000100000000)
  region size 1024K, 29 young (29696K), 1 survivors (1024K)
 Metaspace       used 30779K, committed 31104K, reserved 1114112K
  class space    used 4135K, committed 4288K, reserved 1048576K
}
Event: 2.539 GC heap after
{Heap after GC invocations=7 (full 0):
 garbage-first heap   total 71680K, used 22412K [0x0000000080000000, 0x0000000100000000)
  region size 1024K, 2 young (2048K), 2 survivors (2048K)
 Metaspace       used 30779K, committed 31104K, reserved 1114112K
  class space    used 4135K, committed 4288K, reserved 1048576K
}
Event: 2.643 GC heap before
{Heap before GC invocations=7 (full 0):
 garbage-first heap   total 71680K, used 35724K [0x0000000080000000, 0x0000000100000000)
  region size 1024K, 9 young (9216K), 2 survivors (2048K)
 Metaspace       used 31173K, committed 31488K, reserved 1114112K
  class space    used 4206K, committed 4352K, reserved 1048576K
}
Event: 2.647 GC heap after
{Heap after GC invocations=8 (full 0):
 garbage-first heap   total 71680K, used 33174K [0x0000000080000000, 0x0000000100000000)
  region size 1024K, 4 young (4096K), 4 survivors (4096K)
 Metaspace       used 31173K, committed 31488K, reserved 1114112K
  class space    used 4206K, committed 4352K, reserved 1048576K
}
Event: 2.883 GC heap before
{Heap before GC invocations=8 (full 0):
 garbage-first heap   total 71680K, used 55702K [0x0000000080000000, 0x0000000100000000)
  region size 1024K, 24 young (24576K), 4 survivors (4096K)
 Metaspace       used 33493K, committed 33856K, reserved 1114112K
  class space    used 4576K, committed 4736K, reserved 1048576K
}
Event: 2.887 GC heap after
{Heap after GC invocations=9 (full 0):
 garbage-first heap   total 71680K, used 39053K [0x0000000080000000, 0x0000000100000000)
  region size 1024K, 3 young (3072K), 3 survivors (3072K)
 Metaspace       used 33493K, committed 33856K, reserved 1114112K
  class space    used 4576K, committed 4736K, reserved 1048576K
}
Event: 3.071 GC heap before
{Heap before GC invocations=9 (full 0):
 garbage-first heap   total 71680K, used 55437K [0x0000000080000000, 0x0000000100000000)
  region size 1024K, 19 young (19456K), 3 survivors (3072K)
 Metaspace       used 35553K, committed 35904K, reserved 1114112K
  class space    used 4898K, committed 5056K, reserved 1048576K
}

Dll operation events (3 events):
Event: 0.007 Loaded shared library C:\Program Files\Android\Android Studio\jbr\bin\java.dll
Event: 0.111 Loaded shared library C:\Program Files\Android\Android Studio\jbr\bin\zip.dll
Event: 0.341 Loaded shared library C:\Program Files\Android\Android Studio\jbr\bin\verify.dll

Deoptimization events (20 events):
Event: 2.661 Thread 0x000002491f2aa690 DEOPT PACKING pc=0x00000249037c7b3a sp=0x0000007d509fb350
Event: 2.661 Thread 0x000002491f2aa690 DEOPT UNPACKING pc=0x000002490a9a7143 sp=0x0000007d509fa7c8 mode 0
Event: 2.668 Thread 0x000002491f2aa690 DEOPT PACKING pc=0x00000249037c7b3a sp=0x0000007d509fadd0
Event: 2.668 Thread 0x000002491f2aa690 DEOPT UNPACKING pc=0x000002490a9a7143 sp=0x0000007d509fa248 mode 0
Event: 2.673 Thread 0x000002491f2aa690 DEOPT PACKING pc=0x00000249037c7b3a sp=0x0000007d509f9d40
Event: 2.673 Thread 0x000002491f2aa690 DEOPT UNPACKING pc=0x000002490a9a7143 sp=0x0000007d509f91b8 mode 0
Event: 2.684 Thread 0x000002491f2aa690 Uncommon trap: trap_request=0xffffff45 fr.pc=0x000002490b047cc4 relative=0x0000000000005ee4
Event: 2.684 Thread 0x000002491f2aa690 Uncommon trap: reason=unstable_if action=reinterpret pc=0x000002490b047cc4 method=java.net.URLClassLoader.getAndVerifyPackage(Ljava/lang/String;Ljava/util/jar/Manifest;Ljava/net/URL;)Ljava/lang/Package; @ 62 c2
Event: 2.684 Thread 0x000002491f2aa690 DEOPT PACKING pc=0x000002490b047cc4 sp=0x0000007d509f9240
Event: 2.684 Thread 0x000002491f2aa690 DEOPT UNPACKING pc=0x000002490a9a69a3 sp=0x0000007d509f9100 mode 2
Event: 2.687 Thread 0x000002491f2aa690 DEOPT PACKING pc=0x00000249037c7b3a sp=0x0000007d509fa310
Event: 2.687 Thread 0x000002491f2aa690 DEOPT UNPACKING pc=0x000002490a9a7143 sp=0x0000007d509f9788 mode 0
Event: 2.752 Thread 0x000002491f2aa690 Uncommon trap: trap_request=0xffffff45 fr.pc=0x000002490af79028 relative=0x0000000000000608
Event: 2.752 Thread 0x000002491f2aa690 Uncommon trap: reason=unstable_if action=reinterpret pc=0x000002490af79028 method=java.util.Properties$LineReader.readLine()I @ 95 c2
Event: 2.752 Thread 0x000002491f2aa690 DEOPT PACKING pc=0x000002490af79028 sp=0x0000007d509fabb0
Event: 2.752 Thread 0x000002491f2aa690 DEOPT UNPACKING pc=0x000002490a9a69a3 sp=0x0000007d509fab60 mode 2
Event: 2.938 Thread 0x000002491f2aa690 Uncommon trap: trap_request=0xffffff45 fr.pc=0x000002490af4e62c relative=0x00000000000005ec
Event: 2.938 Thread 0x000002491f2aa690 Uncommon trap: reason=unstable_if action=reinterpret pc=0x000002490af4e62c method=java.util.HashMap.hash(Ljava/lang/Object;)I @ 1 c2
Event: 2.938 Thread 0x000002491f2aa690 DEOPT PACKING pc=0x000002490af4e62c sp=0x0000007d509f7780
Event: 2.938 Thread 0x000002491f2aa690 DEOPT UNPACKING pc=0x000002490a9a69a3 sp=0x0000007d509f7628 mode 2

Classes unloaded (0 events):
No events

Classes redefined (0 events):
No events

Internal exceptions (20 events):
Event: 2.697 Thread 0x000002491f2aa690 Exception <a 'java/lang/NoSuchMethodError'{0x0000000084c71378}: static Lorg/jetbrains/plugins/gradle/model/ExternalProjectDependency;.<clinit>()V> (0x0000000084c71378) 
thrown [s\src\hotspot\share\prims\jni.cpp, line 1108]
Event: 2.697 Thread 0x000002491f2aa690 Exception <a 'java/lang/NoSuchMethodError'{0x0000000084c7b0c8}: static Lorg/jetbrains/plugins/gradle/model/ExternalLibraryDependency;.<clinit>()V> (0x0000000084c7b0c8) 
thrown [s\src\hotspot\share\prims\jni.cpp, line 1108]
Event: 2.697 Thread 0x000002491f2aa690 Exception <a 'java/lang/NoSuchMethodError'{0x0000000084c84788}: static Lorg/jetbrains/plugins/gradle/model/FileCollectionDependency;.<clinit>()V> (0x0000000084c84788) 
thrown [s\src\hotspot\share\prims\jni.cpp, line 1108]
Event: 2.698 Thread 0x000002491f2aa690 Exception <a 'java/lang/NoSuchMethodError'{0x0000000084c8db60}: static Lorg/jetbrains/plugins/gradle/model/UnresolvedExternalDependency;.<clinit>()V> (0x0000000084c8db60) 
thrown [s\src\hotspot\share\prims\jni.cpp, line 1108]
Event: 2.702 Thread 0x000002491f2aa690 Exception <a 'java/lang/NoSuchMethodError'{0x0000000084b22288}: static Lorg/gradle/tooling/internal/consumer/versioning/VersionDetails;.<clinit>()V> (0x0000000084b22288) 
thrown [s\src\hotspot\share\prims\jni.cpp, line 1108]
Event: 2.702 Thread 0x000002491f2aa690 Exception <a 'java/lang/NoSuchMethodError'{0x0000000084b24c30}: static Lorg/gradle/tooling/internal/consumer/versioning/VersionDetails$R26VersionDetails;.<clinit>()V> (0x0000000084b24c30) 
thrown [s\src\hotspot\share\prims\jni.cpp, line 1108]
Event: 2.702 Thread 0x000002491f2aa690 Exception <a 'java/lang/NoSuchMethodError'{0x0000000084b261a8}: static Lorg/gradle/tooling/internal/consumer/versioning/VersionDetails$R28VersionDetails;.<clinit>()V> (0x0000000084b261a8) 
thrown [s\src\hotspot\share\prims\jni.cpp, line 1108]
Event: 2.702 Thread 0x000002491f2aa690 Exception <a 'java/lang/NoSuchMethodError'{0x0000000084b276b0}: static Lorg/gradle/tooling/internal/consumer/versioning/VersionDetails$R35VersionDetails;.<clinit>()V> (0x0000000084b276b0) 
thrown [s\src\hotspot\share\prims\jni.cpp, line 1108]
Event: 2.703 Thread 0x000002491f2aa690 Exception <a 'java/lang/NoSuchMethodError'{0x0000000084b28d80}: static Lorg/gradle/tooling/internal/consumer/versioning/VersionDetails$R44VersionDetails;.<clinit>()V> (0x0000000084b28d80) 
thrown [s\src\hotspot\share\prims\jni.cpp, line 1108]
Event: 2.703 Thread 0x000002491f2aa690 Exception <a 'java/lang/NoSuchMethodError'{0x0000000084b2a388}: static Lorg/gradle/tooling/internal/consumer/versioning/VersionDetails$R48VersionDetails;.<clinit>()V> (0x0000000084b2a388) 
thrown [s\src\hotspot\share\prims\jni.cpp, line 1108]
Event: 2.703 Thread 0x000002491f2aa690 Exception <a 'java/lang/NoSuchMethodError'{0x0000000084b2b830}: static Lorg/gradle/tooling/internal/consumer/versioning/VersionDetails$R51VersionDetails;.<clinit>()V> (0x0000000084b2b830) 
thrown [s\src\hotspot\share\prims\jni.cpp, line 1108]
Event: 2.722 Thread 0x000002491f2aa690 Exception <a 'java/lang/NoSuchMethodError'{0x0000000084a55b60}: 'java.lang.Object java.lang.invoke.DirectMethodHandle$Holder.newInvokeSpecial(java.lang.Object, java.lang.Object, int)'> (0x0000000084a55b60) 
thrown [s\src\hotspot\share\interpreter\linkResolver.cpp, line 771]
Event: 2.855 Thread 0x000002491f2aa690 Exception <a 'java/lang/NoSuchMethodError'{0x0000000083071820}: 'java.lang.Object java.lang.invoke.DirectMethodHandle$Holder.invokeSpecialIFC(java.lang.Object, java.lang.Object, java.lang.Object, java.lang.Object)'> (0x0000000083071820) 
thrown [s\src\hotspot\share\interpreter\linkResolver.cpp, line 771]
Event: 2.860 Thread 0x000002491f2aa690 Exception <a 'java/lang/NoSuchMethodError'{0x00000000830f3690}: 'java.lang.Object java.lang.invoke.DirectMethodHandle$Holder.newInvokeSpecial(java.lang.Object, java.lang.Object, java.lang.Object, java.lang.Object, java.lang.Object, java.lang.Object, java.lang.Object, java.lang.Object, java.lang.Object, java.lang.Object)'> (0x00000000830f3690) 
thrown [s\src\hotspot\share\interpreter\linkResolver.cpp, line 771]
Event: 2.860 Thread 0x000002491f2aa690 Exception <a 'java/lang/NoSuchMethodError'{0x00000000830f8820}: 'java.lang.Object java.lang.invoke.Invokers$Holder.linkToTargetMethod(java.lang.Object, java.lang.Object, java.lang.Object, java.lang.Object, java.lang.Object, java.lang.Object, java.lang.Object, java.lang.Object, java.lang.Object, java.lang.Object)'> (0x00000000830f8820) 
thrown [s\src\hotspot\share\interpreter\linkResolver.cpp, line 771]
Event: 2.865 Thread 0x000002491f2aa690 Exception <a 'java/lang/NoSuchMethodError'{0x0000000082f6f2b0}: 'java.lang.Object java.lang.invoke.DirectMethodHandle$Holder.newInvokeSpecial(java.lang.Object, java.lang.Object, java.lang.Object, java.lang.Object, java.lang.Object, java.lang.Object, java.lang.Object, java.lang.Object, java.lang.Object, java.lang.Object, java.lang.Object)'> (0x0000000082f6f2b0) 
thrown [s\src\hotspot\share\interpreter\linkResolver.cpp, line 771]
Event: 2.865 Thread 0x000002491f2aa690 Exception <a 'java/lang/NoSuchMethodError'{0x0000000082f75090}: 'java.lang.Object java.lang.invoke.DirectMethodHandle$Holder.invokeSpecial(java.lang.Object, java.lang.Object, java.lang.Object, java.lang.Object, java.lang.Object, java.lang.Object, java.lang.Object, java.lang.Object, java.lang.Object, java.lang.Object, java.lang.Object, java.lang.Object)'> (0x0000000082f75090) 
thrown [s\src\hotspot\share\interpreter\linkResolver.cpp, line 771]
Event: 2.865 Thread 0x000002491f2aa690 Exception <a 'java/lang/NoSuchMethodError'{0x0000000082f7a9d0}: 'java.lang.Object java.lang.invoke.Invokers$Holder.linkToTargetMethod(java.lang.Object, java.lang.Object, java.lang.Object, java.lang.Object, java.lang.Object, java.lang.Object, java.lang.Object, java.lang.Object, java.lang.Object, java.lang.Object, java.lang.Object)'> (0x0000000082f7a9d0) 
thrown [s\src\hotspot\share\interpreter\linkResolver.cpp, line 771]
Event: 2.874 Thread 0x000002491f2aa690 Exception <a 'java/lang/NoSuchMethodError'{0x0000000082e181b0}: 'java.lang.Object java.lang.invoke.DirectMethodHandle$Holder.invokeStaticInit(java.lang.Object, java.lang.Object, java.lang.Object, java.lang.Object)'> (0x0000000082e181b0) 
thrown [s\src\hotspot\share\interpreter\linkResolver.cpp, line 771]
Event: 2.938 Thread 0x000002491f2aa690 Implicit null exception at 0x000002490af4e08f to 0x000002490af4e60c

VM Operations (20 events):
Event: 2.163 Executing VM operation: G1CollectForAllocation done
Event: 2.173 Executing VM operation: G1CollectForAllocation
Event: 2.176 Executing VM operation: G1CollectForAllocation done
Event: 2.526 Executing VM operation: HandshakeAllThreads
Event: 2.526 Executing VM operation: HandshakeAllThreads done
Event: 2.537 Executing VM operation: G1CollectForAllocation
Event: 2.539 Executing VM operation: G1CollectForAllocation done
Event: 2.643 Executing VM operation: G1TryInitiateConcMark
Event: 2.647 Executing VM operation: G1TryInitiateConcMark done
Event: 2.720 Executing VM operation: HandshakeAllThreads
Event: 2.720 Executing VM operation: HandshakeAllThreads done
Event: 2.754 Executing VM operation: HandshakeAllThreads
Event: 2.754 Executing VM operation: HandshakeAllThreads done
Event: 2.883 Executing VM operation: G1CollectForAllocation
Event: 2.887 Executing VM operation: G1CollectForAllocation done
Event: 2.940 Executing VM operation: HandshakeAllThreads
Event: 2.941 Executing VM operation: HandshakeAllThreads done
Event: 2.941 Executing VM operation: HandshakeAllThreads
Event: 2.941 Executing VM operation: HandshakeAllThreads done
Event: 3.071 Executing VM operation: G1CollectForAllocation

Events (20 events):
Event: 2.850 Thread 0x00000249212e99a0 Thread added: 0x00000249212e99a0
Event: 2.869 Thread 0x00000249212e5ce0 Thread added: 0x00000249212e5ce0
Event: 2.894 Thread 0x00000249212e8f80 Thread added: 0x00000249212e8f80
Event: 2.910 Thread 0x00000249212ea3c0 Thread added: 0x00000249212ea3c0
Event: 2.933 loading class java/lang/invoke/SerializedLambda
Event: 2.933 loading class java/lang/invoke/SerializedLambda done
Event: 2.937 loading class java/lang/reflect/AnnotatedType
Event: 2.937 loading class java/lang/reflect/AnnotatedType done
Event: 2.942 loading class java/lang/Class$EnclosingMethodInfo
Event: 2.942 loading class java/lang/Class$EnclosingMethodInfo done
Event: 2.943 loading class sun/reflect/generics/tree/IntSignature
Event: 2.943 loading class sun/reflect/generics/tree/IntSignature done
Event: 2.943 loading class sun/reflect/generics/tree/ArrayTypeSignature
Event: 2.943 loading class sun/reflect/generics/tree/ArrayTypeSignature done
Event: 2.945 loading class java/lang/SafeVarargs
Event: 2.945 loading class java/lang/SafeVarargs done
Event: 2.973 loading class java/util/regex/Pattern$GroupCurly
Event: 2.973 loading class java/util/regex/Pattern$GroupCurly done
Event: 2.982 Thread 0x00000249212e9eb0 Thread added: 0x00000249212e9eb0
Event: 3.049 Thread 0x00000249212ebd10 Thread added: 0x00000249212ebd10


Dynamic libraries:
0x00007ff682360000 - 0x00007ff68236a000 	C:\Program Files\Android\Android Studio\jbr\bin\java.exe
0x00007ff8bb470000 - 0x00007ff8bb686000 	C:\WINDOWS\SYSTEM32\ntdll.dll
0x00007ff8b9310000 - 0x00007ff8b93d4000 	C:\WINDOWS\System32\KERNEL32.DLL
0x00007ff8b8c10000 - 0x00007ff8b8fb7000 	C:\WINDOWS\System32\KERNELBASE.dll
0x00007ff8b8890000 - 0x00007ff8b89a1000 	C:\WINDOWS\System32\ucrtbase.dll
0x00007ff8a4810000 - 0x00007ff8a4827000 	C:\Program Files\Android\Android Studio\jbr\bin\jli.dll
0x00007ff8b1b30000 - 0x00007ff8b1b4b000 	C:\Program Files\Android\Android Studio\jbr\bin\VCRUNTIME140.dll
0x00007ff8b95a0000 - 0x00007ff8b974e000 	C:\WINDOWS\System32\USER32.dll
0x00007ff8b8860000 - 0x00007ff8b8886000 	C:\WINDOWS\System32\win32u.dll
0x00007ff8a1070000 - 0x00007ff8a1303000 	C:\WINDOWS\WinSxS\amd64_microsoft.windows.common-controls_6595b64144ccf1df_6.0.22621.3235_none_270f74e173860f98\COMCTL32.dll
0x00007ff8b91a0000 - 0x00007ff8b91c9000 	C:\WINDOWS\System32\GDI32.dll
0x00007ff8ba6b0000 - 0x00007ff8ba757000 	C:\WINDOWS\System32\msvcrt.dll
0x00007ff8b9080000 - 0x00007ff8b9199000 	C:\WINDOWS\System32\gdi32full.dll
0x00007ff8b8790000 - 0x00007ff8b882a000 	C:\WINDOWS\System32\msvcp_win.dll
0x00007ff8b92d0000 - 0x00007ff8b9301000 	C:\WINDOWS\System32\IMM32.DLL
0x00007ff8b5830000 - 0x00007ff8b583c000 	C:\Program Files\Android\Android Studio\jbr\bin\vcruntime140_1.dll
0x00007ff8a2a90000 - 0x00007ff8a2b1d000 	C:\Program Files\Android\Android Studio\jbr\bin\msvcp140.dll
0x00007ff8562b0000 - 0x00007ff856f33000 	C:\Program Files\Android\Android Studio\jbr\bin\server\jvm.dll
0x00007ff8ba0c0000 - 0x00007ff8ba172000 	C:\WINDOWS\System32\ADVAPI32.dll
0x00007ff8ba190000 - 0x00007ff8ba238000 	C:\WINDOWS\System32\sechost.dll
0x00007ff8b8830000 - 0x00007ff8b8858000 	C:\WINDOWS\System32\bcrypt.dll
0x00007ff8ba400000 - 0x00007ff8ba515000 	C:\WINDOWS\System32\RPCRT4.dll
0x00007ff8b75f0000 - 0x00007ff8b763d000 	C:\WINDOWS\SYSTEM32\POWRPROF.dll
0x00007ff8b0b70000 - 0x00007ff8b0ba4000 	C:\WINDOWS\SYSTEM32\WINMM.dll
0x00007ff895590000 - 0x00007ff895599000 	C:\WINDOWS\SYSTEM32\WSOCK32.dll
0x00007ff8adda0000 - 0x00007ff8addaa000 	C:\WINDOWS\SYSTEM32\VERSION.dll
0x00007ff8bb2a0000 - 0x00007ff8bb311000 	C:\WINDOWS\System32\WS2_32.dll
0x00007ff8b75d0000 - 0x00007ff8b75e3000 	C:\WINDOWS\SYSTEM32\UMPDC.dll
0x00007ff8b7880000 - 0x00007ff8b7898000 	C:\WINDOWS\SYSTEM32\kernel.appcore.dll
0x00007ff8b3d50000 - 0x00007ff8b3d5a000 	C:\Program Files\Android\Android Studio\jbr\bin\jimage.dll
0x00007ff8a9bb0000 - 0x00007ff8a9de3000 	C:\WINDOWS\SYSTEM32\DBGHELP.DLL
0x00007ff8b9c60000 - 0x00007ff8b9fe8000 	C:\WINDOWS\System32\combase.dll
0x00007ff8bb320000 - 0x00007ff8bb3f7000 	C:\WINDOWS\System32\OLEAUT32.dll
0x00007ff899540000 - 0x00007ff899572000 	C:\WINDOWS\SYSTEM32\dbgcore.DLL
0x00007ff8b8a20000 - 0x00007ff8b8a99000 	C:\WINDOWS\System32\bcryptPrimitives.dll
0x00007ff8b0c70000 - 0x00007ff8b0c7e000 	C:\Program Files\Android\Android Studio\jbr\bin\instrument.dll
0x00007ff8a3da0000 - 0x00007ff8a3dc5000 	C:\Program Files\Android\Android Studio\jbr\bin\java.dll
0x00007ff8a4e90000 - 0x00007ff8a4ea8000 	C:\Program Files\Android\Android Studio\jbr\bin\zip.dll
0x00007ff8baa40000 - 0x00007ff8bb29c000 	C:\WINDOWS\System32\SHELL32.dll
0x00007ff8b66b0000 - 0x00007ff8b6fa9000 	C:\WINDOWS\SYSTEM32\windows.storage.dll
0x00007ff8b6570000 - 0x00007ff8b66ae000 	C:\WINDOWS\SYSTEM32\wintypes.dll
0x00007ff8b91d0000 - 0x00007ff8b92c3000 	C:\WINDOWS\System32\SHCORE.dll
0x00007ff8ba830000 - 0x00007ff8ba88e000 	C:\WINDOWS\System32\shlwapi.dll
0x00007ff8b86c0000 - 0x00007ff8b86e1000 	C:\WINDOWS\SYSTEM32\profapi.dll
0x00007ff8a4a40000 - 0x00007ff8a4a59000 	C:\Program Files\Android\Android Studio\jbr\bin\net.dll
0x00007ff8b24d0000 - 0x00007ff8b2606000 	C:\WINDOWS\SYSTEM32\WINHTTP.dll
0x00007ff8b7cf0000 - 0x00007ff8b7d59000 	C:\WINDOWS\system32\mswsock.dll
0x00007ff8a4900000 - 0x00007ff8a4916000 	C:\Program Files\Android\Android Studio\jbr\bin\nio.dll
0x00007ff8b0ef0000 - 0x00007ff8b0f00000 	C:\Program Files\Android\Android Studio\jbr\bin\verify.dll
0x00007ff8a4ac0000 - 0x00007ff8a4ae7000 	C:\Users\Steven\.gradle\native\c067742578af261105cb4f569cf0c3c89f3d7b1fecec35dd04571415982c5e48\windows-amd64\native-platform.dll
0x00007ff871450000 - 0x00007ff871594000 	C:\Users\Steven\.gradle\native\38dada09dfb8b06ba9b0570ebf7e218e3eb74d4ef43ca46872605cf95ebc2f47\windows-amd64\native-platform-file-events.dll
0x00007ff8b3720000 - 0x00007ff8b3729000 	C:\Program Files\Android\Android Studio\jbr\bin\management.dll
0x00007ff8b0fb0000 - 0x00007ff8b0fbb000 	C:\Program Files\Android\Android Studio\jbr\bin\management_ext.dll
0x00007ff8bb420000 - 0x00007ff8bb428000 	C:\WINDOWS\System32\PSAPI.DLL
0x00007ff8b7f20000 - 0x00007ff8b7f3b000 	C:\WINDOWS\SYSTEM32\CRYPTSP.dll
0x00007ff8b77e0000 - 0x00007ff8b7815000 	C:\WINDOWS\system32\rsaenh.dll
0x00007ff8b7db0000 - 0x00007ff8b7dd8000 	C:\WINDOWS\SYSTEM32\USERENV.dll
0x00007ff8b7f40000 - 0x00007ff8b7f4c000 	C:\WINDOWS\SYSTEM32\CRYPTBASE.dll
0x00007ff8b72c0000 - 0x00007ff8b72ed000 	C:\WINDOWS\SYSTEM32\IPHLPAPI.DLL
0x00007ff8ba180000 - 0x00007ff8ba189000 	C:\WINDOWS\System32\NSI.dll
0x00007ff8b29c0000 - 0x00007ff8b29d9000 	C:\WINDOWS\SYSTEM32\dhcpcsvc6.DLL
0x00007ff8b2470000 - 0x00007ff8b248f000 	C:\WINDOWS\SYSTEM32\dhcpcsvc.DLL
0x00007ff8b72f0000 - 0x00007ff8b73e9000 	C:\WINDOWS\SYSTEM32\DNSAPI.dll
0x00007ff8a4fc0000 - 0x00007ff8a4fc8000 	C:\WINDOWS\system32\wshunix.dll

dbghelp: loaded successfully - version: 4.0.5 - missing functions: none
symbol engine: initialized successfully - sym options: 0x614 - pdb path: .;C:\Program Files\Android\Android Studio\jbr\bin;C:\WINDOWS\SYSTEM32;C:\WINDOWS\WinSxS\amd64_microsoft.windows.common-controls_6595b64144ccf1df_6.0.22621.3235_none_270f74e173860f98;C:\Program Files\Android\Android Studio\jbr\bin\server;C:\Users\Steven\.gradle\native\c067742578af261105cb4f569cf0c3c89f3d7b1fecec35dd04571415982c5e48\windows-amd64;C:\Users\Steven\.gradle\native\38dada09dfb8b06ba9b0570ebf7e218e3eb74d4ef43ca46872605cf95ebc2f47\windows-amd64

VM Arguments:
jvm_args: --add-opens=java.base/java.util=ALL-UNNAMED --add-opens=java.base/java.lang=ALL-UNNAMED --add-opens=java.base/java.lang.invoke=ALL-UNNAMED --add-opens=java.prefs/java.util.prefs=ALL-UNNAMED --add-opens=java.base/java.nio.charset=ALL-UNNAMED --add-opens=java.base/java.net=ALL-UNNAMED --add-opens=java.base/java.util.concurrent.atomic=ALL-UNNAMED -Xmx2048m -Dfile.encoding=UTF-8 -Duser.country=CO -Duser.language=es -Duser.variant -javaagent:C:\Users\Steven\.gradle\wrapper\dists\gradle-8.4-bin\1w5dpkrfk8irigvoxmyhowfim\gradle-8.4\lib\agents\gradle-instrumentation-agent-8.4.jar 
java_command: org.gradle.launcher.daemon.bootstrap.GradleDaemon 8.4
java_class_path (initial): C:\Users\Steven\.gradle\wrapper\dists\gradle-8.4-bin\1w5dpkrfk8irigvoxmyhowfim\gradle-8.4\lib\gradle-launcher-8.4.jar
Launcher Type: SUN_STANDARD

[Global flags]
     intx CICompilerCount                          = 4                                         {product} {ergonomic}
     uint ConcGCThreads                            = 2                                         {product} {ergonomic}
     uint G1ConcRefinementThreads                  = 8                                         {product} {ergonomic}
   size_t G1HeapRegionSize                         = 1048576                                   {product} {ergonomic}
    uintx GCDrainStackTargetSize                   = 64                                        {product} {ergonomic}
   size_t InitialHeapSize                          = 132120576                                 {product} {ergonomic}
   size_t MarkStackSize                            = 4194304                                   {product} {ergonomic}
   size_t MaxHeapSize                              = 2147483648                                {product} {command line}
   size_t MaxNewSize                               = 1287651328                                {product} {ergonomic}
   size_t MinHeapDeltaBytes                        = 1048576                                   {product} {ergonomic}
   size_t MinHeapSize                              = 8388608                                   {product} {ergonomic}
    uintx NonNMethodCodeHeapSize                   = 5839372                                {pd product} {ergonomic}
    uintx NonProfiledCodeHeapSize                  = 122909434                              {pd product} {ergonomic}
    uintx ProfiledCodeHeapSize                     = 122909434                              {pd product} {ergonomic}
    uintx ReservedCodeCacheSize                    = 251658240                              {pd product} {ergonomic}
     bool SegmentedCodeCache                       = true                                      {product} {ergonomic}
   size_t SoftMaxHeapSize                          = 2147483648                             {manageable} {ergonomic}
     bool UseCompressedClassPointers               = true                           {product lp64_product} {ergonomic}
     bool UseCompressedOops                        = true                           {product lp64_product} {ergonomic}
     bool UseG1GC                                  = true                                      {product} {ergonomic}
     bool UseLargePagesIndividualAllocation        = false                                  {pd product} {ergonomic}

Logging:
Log output configuration:
 #0: stdout all=warning uptime,level,tags
 #1: stderr all=off uptime,level,tags

Environment Variables:
PATH=C:\Program Files (x86)\Common Files\Oracle\Java\javapath;C:\Windows\system32;C:\Windows;C:\Windows\System32\Wbem;C:\Windows\System32\WindowsPowerShell\v1.0\;C:\Windows\System32\OpenSSH\;C:\Program Files (x86)\NVIDIA Corporation\PhysX\Common;C:\Program Files\NVIDIA Corporation\NVIDIA NvDLISR;C:\Users\Steven\AppData\Roaming\nvm;C:\Program Files\nodejs;C:\Program Files\Git\cmd;C:\WINDOWS\system32;C:\WINDOWS;C:\WINDOWS\System32\Wbem;C:\WINDOWS\System32\WindowsPowerShell\v1.0\;C:\WINDOWS\System32\OpenSSH\;C:\Program Files\dotnet\;C:\Program Files (x86)\Microsoft SQL Server\160\Tools\Binn\;C:\Program Files\Microsoft SQL Server\160\Tools\Binn\;C:\Program Files\Microsoft SQL Server\Client SDK\ODBC\170\Tools\Binn\;C:\Program Files\Microsoft SQL Server\160\DTS\Binn\;C:\Program Files (x86)\Microsoft SQL Server\160\DTS\Binn\;C:\Program Files\Azure Data Studio\bin;C:\Program Files\Go\bin;C:\Program Files\nodejs\;C:\Program Files\Docker\Docker\resources\bin;C:\Program Files\Microsoft SQL Server\150\Tools\Binn\;C:\Program Files (x86)\Microsoft SQL Server\150\Tools\Binn\;C:\Program Files\Microsoft SQL Server\150\DTS\Binn\;C:\Ruby32-x64\bin;C:\Program Files\MongoDB\Server\7.0\bin;C:\Users\Steven\AppData\Local\Microsoft\WindowsApps;C:\Users\Steven\AppData\Roaming\nvm;C:\Program Files\nodejs;C:\Users\Steven\AppData\Local\Programs\Microsoft VS Code\bin;C:\Program Files\Azure Data Studio\bin;C:\Users\Steven\go\bin;C:\Users\Steven\AppData\Roaming\npm;C:\Users\Steven\.dotnet\tools
USERNAME=Steven
OS=Windows_NT
PROCESSOR_IDENTIFIER=Intel64 Family 6 Model 165 Stepping 2, GenuineIntel
TMP=C:\Users\Steven\AppData\Local\Temp
TEMP=C:\Users\Steven\AppData\Local\Temp



Periodic native trim disabled

JNI global refs:
JNI global refs: 25, weak refs: 0

JNI global refs memory usage: 843, weak refs: 841

OOME stack traces (most recent first):
Classloader memory used:
Loader bootstrap                                                                       : 1969K
Loader org.gradle.internal.classloader.VisitableURLClassLoader                         : 1943K
Loader org.gradle.initialization.MixInLegacyTypesClassLoader                           : 411K
Loader org.gradle.internal.classloader.VisitableURLClassLoader                         : 54455B
Loader jdk.internal.loader.ClassLoaders$AppClassLoader                                 : 28453B
Loader jdk.internal.reflect.DelegatingClassLoader                                      : 21025B
Loader jdk.internal.loader.ClassLoaders$PlatformClassLoader                            : 18190B

Classes loaded by more than one classloader:
Class org.gradle.api.GradleException                                                  : loaded 3 times (x 80B)
Class org.gradle.util.GradleVersion                                                   : loaded 2 times (x 81B)
Class org.gradle.internal.classpath.ClassPath                                         : loaded 2 times (x 68B)
Class org.gradle.api.internal.classpath.DefaultModuleRegistry                         : loaded 2 times (x 84B)
Class org.gradle.internal.exceptions.NonGradleCauseExceptionsHolder                   : loaded 2 times (x 68B)
Class org.gradle.api.Action                                                           : loaded 2 times (x 68B)
Class org.gradle.api.internal.DefaultClassPathProvider                                : loaded 2 times (x 74B)
Class org.gradle.internal.installation.GradleInstallation$1                           : loaded 2 times (x 73B)
Class org.gradle.internal.exceptions.DefaultMultiCauseException                       : loaded 2 times (x 89B)
Class org.gradle.internal.time.MonotonicClock                                         : loaded 2 times (x 75B)
Class org.gradle.internal.classloader.FilteringClassLoader                            : loaded 2 times (x 103B)
Class org.gradle.internal.classpath.DefaultClassPath$ImmutableUniqueList$Builder      : loaded 2 times (x 73B)
Class org.gradle.internal.classloader.ClassLoaderVisitor                              : loaded 2 times (x 74B)
Class org.gradle.internal.time.DefaultCountdownTimer                                  : loaded 2 times (x 86B)
Class org.gradle.internal.service.DefaultServiceLocator                               : loaded 2 times (x 81B)
Class org.gradle.internal.service.UnknownServiceException                             : loaded 2 times (x 81B)
Class org.gradle.internal.classloader.DefaultClassLoaderFactory                       : loaded 2 times (x 80B)
Class org.gradle.internal.classloader.VisitableURLClassLoader$Spec                    : loaded 2 times (x 72B)
Class org.gradle.tooling.model.ProjectModel                                           : loaded 2 times (x 68B)
Class org.gradle.internal.installation.GradleInstallation                             : loaded 2 times (x 73B)
Class org.gradle.api.internal.classpath.ModuleRegistry                                : loaded 2 times (x 68B)
Class org.gradle.api.internal.ClassPathProvider                                       : loaded 2 times (x 68B)
Class org.gradle.internal.classloader.ClasspathUtil$1                                 : loaded 2 times (x 74B)
Class org.gradle.internal.classloader.ClassLoaderFactory                              : loaded 2 times (x 68B)
Class org.gradle.api.internal.classpath.ManifestUtil                                  : loaded 2 times (x 69B)
Class org.gradle.api.specs.Spec                                                       : loaded 2 times (x 68B)
Class org.gradle.internal.IoActions                                                   : loaded 2 times (x 69B)
Class org.gradle.api.internal.classpath.EffectiveClassPath                            : loaded 2 times (x 88B)
Class org.gradle.internal.installation.CurrentGradleInstallation                      : loaded 2 times (x 71B)
Class org.gradle.internal.agents.InstrumentingClassLoader                             : loaded 2 times (x 68B)
Class org.gradle.internal.installation.CurrentGradleInstallationLocator               : loaded 2 times (x 69B)
Class org.gradle.api.internal.classpath.Module                                        : loaded 2 times (x 68B)
Class org.gradle.internal.service.CachingServiceLocator                               : loaded 2 times (x 80B)
Class org.gradle.internal.time.Timer                                                  : loaded 2 times (x 68B)
Class org.gradle.internal.classpath.DefaultClassPath                                  : loaded 2 times (x 88B)
Class org.gradle.internal.time.Time                                                   : loaded 2 times (x 69B)
Class org.gradle.internal.time.TimeSource$1                                           : loaded 2 times (x 75B)
Class org.gradle.internal.classloader.SystemClassLoaderSpec                           : loaded 2 times (x 69B)
Class kotlin.Function                                                                 : loaded 2 times (x 68B)
Class org.gradle.api.UncheckedIOException                                             : loaded 2 times (x 80B)
Class org.gradle.internal.time.CountdownTimer                                         : loaded 2 times (x 68B)
Class org.gradle.internal.time.Clock                                                  : loaded 2 times (x 68B)
Class org.gradle.internal.classloader.ClasspathUtil                                   : loaded 2 times (x 69B)
Class org.gradle.api.internal.DefaultClassPathRegistry                                : loaded 2 times (x 74B)
Class org.gradle.api.internal.classpath.DefaultModuleRegistry$DefaultModule           : loaded 2 times (x 84B)
Class org.gradle.internal.time.TimeSource                                             : loaded 2 times (x 68B)
Class org.gradle.api.internal.classpath.UnknownModuleException                        : loaded 2 times (x 80B)
Class org.gradle.internal.service.ServiceLookupException                              : loaded 2 times (x 80B)
Class org.gradle.cache.GlobalCache                                                    : loaded 2 times (x 68B)
Class [Lorg.gradle.api.internal.ClassPathProvider;                                    : loaded 2 times (x 67B)
Class org.gradle.internal.operations.MultipleBuildOperationFailures                   : loaded 2 times (x 89B)
Class org.gradle.util.internal.GUtil                                                  : loaded 2 times (x 69B)
Class org.gradle.internal.classloader.ClassLoaderSpec                                 : loaded 2 times (x 69B)
Class org.gradle.internal.classloader.VisitableURLClassLoader                         : loaded 2 times (x 115B)
Class org.gradle.internal.Cast                                                        : loaded 2 times (x 69B)
Class org.gradle.api.internal.ClassPathRegistry                                       : loaded 2 times (x 68B)
Class org.gradle.internal.classloader.VisitableURLClassLoader$InstrumentingVisitableURLClassLoader: loaded 2 times (x 121B)
Class org.gradle.internal.classloader.ClassLoaderHierarchy                            : loaded 2 times (x 68B)
Class org.gradle.internal.exceptions.MultiCauseException                              : loaded 2 times (x 68B)
Class org.gradle.internal.InternalTransformer                                         : loaded 2 times (x 68B)
Class org.gradle.internal.service.ServiceLocator                                      : loaded 2 times (x 68B)
Class org.gradle.internal.classpath.DefaultClassPath$ImmutableUniqueList              : loaded 2 times (x 159B)
Class org.gradle.internal.time.DefaultTimer                                           : loaded 2 times (x 78B)
Class org.gradle.internal.classpath.TransformedClassPath                              : loaded 2 times (x 94B)


---------------  S Y S T E M  ---------------

OS:
 Windows 11 , 64 bit Build 22621 (10.0.22621.3374)
OS uptime: 4 days 8:23 hours
Hyper-V role detected

CPU: total 8 (initial active 8) (4 cores per cpu, 2 threads per core) family 6 model 165 stepping 2 microcode 0xe0, cx8, cmov, fxsr, ht, mmx, 3dnowpref, sse, sse2, sse3, ssse3, sse4.1, sse4.2, popcnt, lzcnt, tsc, tscinvbit, avx, avx2, aes, erms, clmul, bmi1, bmi2, adx, fma, vzeroupper, clflush, clflushopt, hv
Processor Information for all 8 processors :
  Max Mhz: 2496, Current Mhz: 2496, Mhz Limit: 2496

Memory: 4k page, system-wide physical 8029M (321M free)
TotalPageFile size 32605M (AvailPageFile size 36M)
current process WorkingSet (physical memory assigned to process): 195M, peak: 199M
current process commit charge ("private bytes"): 245M, peak: 279M

vm_info: OpenJDK 64-Bit Server VM (17.0.9+0--11185874) for windows-amd64 JRE (17.0.9+0--11185874), built on Dec  6 2023 18:57:44 by "androidbuild" with MS VC++ 16.10 / 16.11 (VS2019)

END.
